[debug] [2022-02-22T15:29:58.376Z] ----------------------------------------------------------------------
[debug] [2022-02-22T15:29:58.377Z] Command:       D:\Programs\Nodejs\node.exe C:\Users\Niteesh Chaudhary\AppData\Roaming\npm\node_modules\firebase-tools\lib\bin\firebase.js init
[debug] [2022-02-22T15:29:58.377Z] CLI Version:   10.2.1
[debug] [2022-02-22T15:29:58.377Z] Platform:      win32
[debug] [2022-02-22T15:29:58.377Z] Node Version:  v16.13.2
[debug] [2022-02-22T15:29:58.378Z] Time:          Tue Feb 22 2022 20:59:58 GMT+0530 (India Standard Time)
[debug] [2022-02-22T15:29:58.378Z] ----------------------------------------------------------------------
[debug] 
[debug] [2022-02-22T15:29:58.425Z] > command requires scopes: ["email","openid","https://www.googleapis.com/auth/cloudplatformprojects.readonly","https://www.googleapis.com/auth/firebase","https://www.googleapis.com/auth/cloud-platform"]
[debug] [2022-02-22T15:29:58.425Z] > authorizing via signed-in user (nkchaudhary00@gmail.com)
[info] 
     ######## #### ########  ######## ########     ###     ######  ########
     ##        ##  ##     ## ##       ##     ##  ##   ##  ##       ##
     ######    ##  ########  ######   ########  #########  ######  ######
     ##        ##  ##    ##  ##       ##     ## ##     ##       ## ##
     ##       #### ##     ## ######## ########  ##     ##  ######  ########

You're about to initialize a Firebase project in this directory:

  D:\Programs\xampp\htdocs\GitHub\ChitChatWeb\my-app

Before we get started, keep in mind:

  * You are initializing within an existing Firebase project directory

[info] 
=== Project Setup
[info] 
[info] First, let's associate this project directory with a Firebase project.
[info] You can create multiple project aliases by running firebase use --add, 
[info] but for now we'll just set up a default project.
[info] 
[debug] [2022-02-22T15:30:02.705Z] Using project from CLI flag: nkchat-9c490
[debug] [2022-02-22T15:30:02.707Z] >>> [apiv2][query] GET https://firebase.googleapis.com/v1beta1/projects/nkchat-9c490 [none]
[debug] [2022-02-22T15:30:06.586Z] <<< [apiv2][status] GET https://firebase.googleapis.com/v1beta1/projects/nkchat-9c490 200
[debug] [2022-02-22T15:30:06.586Z] <<< [apiv2][body] GET https://firebase.googleapis.com/v1beta1/projects/nkchat-9c490 {"projectId":"nkchat-9c490","projectNumber":"3841888162","displayName":"nkchat","name":"projects/nkchat-9c490","resources":{"hostingSite":"nkchat-9c490","realtimeDatabaseInstance":"nkchat-9c490-default-rtdb","storageBucket":"nkchat-9c490.appspot.com","locationId":"us-central"},"state":"ACTIVE"}
[info] i  Using project nkchat-9c490 (nkchat) 
[info] 
=== Hosting Setup
[info] 
[info] Your public directory is the folder (relative to your project directory) that
[info] will contain Hosting assets to be uploaded with firebase deploy. If you
[info] have a build process for your assets, use your build's output directory.
[info] 
[debug] [2022-02-22T15:30:31.795Z] >>> [apiv2][query] GET https://www.gstatic.com/firebasejs/releases.json [none]
[debug] [2022-02-22T15:30:32.231Z] <<< [apiv2][status] GET https://www.gstatic.com/firebasejs/releases.json 200
[debug] [2022-02-22T15:30:32.231Z] <<< [apiv2][body] GET https://www.gstatic.com/firebasejs/releases.json {"current":{"version":"9.6.7","browserURL":"https://www.gstatic.com/firebasejs/9.6.7/firebase.js","packageURL":"https://www.gstatic.com/firebasejs/9.6.7/firebase.tgz"},"live":{"version":"9.6","browserURL":"https://www.gstatic.com/firebasejs/live/9.6/firebase.js","packageURL":"https://www.gstatic.com/firebasejs/live/9.6/firebase.tgz"},"components":{"analytics":"https://www.gstatic.com/firebasejs/9.6.7/firebase-analytics.js","app":"https://www.gstatic.com/firebasejs/9.6.7/firebase-app.js","app-check":"https://www.gstatic.com/firebasejs/9.6.7/firebase-app-check.js","auth":"https://www.gstatic.com/firebasejs/9.6.7/firebase-auth.js","auth/cordova":"https://www.gstatic.com/firebasejs/9.6.7/firebase-auth/cordova.js","auth/react-native":"https://www.gstatic.com/firebasejs/9.6.7/firebase-auth/react-native.js","functions":"https://www.gstatic.com/firebasejs/9.6.7/firebase-functions.js","firestore":"https://www.gstatic.com/firebasejs/9.6.7/firebase-firestore.js","firestore/lite":"https://www.gstatic.com/firebasejs/9.6.7/firebase-firestore/lite.js","storage":"https://www.gstatic.com/firebasejs/9.6.7/firebase-storage.js","performance":"https://www.gstatic.com/firebasejs/9.6.7/firebase-performance.js","remote-config":"https://www.gstatic.com/firebasejs/9.6.7/firebase-remote-config.js","messaging":"https://www.gstatic.com/firebasejs/9.6.7/firebase-messaging.js","messaging/sw":"https://www.gstatic.com/firebasejs/9.6.7/firebase-messaging/sw.js","database":"https://www.gstatic.com/firebasejs/9.6.7/firebase-database.js","firestore.memory":"https://www.gstatic.com/firebasejs/9.6.7/firebase-firestore.memory.js"}}
[info] i  Skipping write of public/index.html 
[info] 
[info] i  Detected a .git folder at D:\Programs\xampp\htdocs\GitHub\ChitChatWeb\my-app 
[info] i  Authorizing with GitHub to upload your service account to a GitHub repository's secrets store. 
[info] 
[info] Visit this URL on this device to log in:
[info] https://github.com/login/oauth/authorize?client_id=89cf50f02ac6aaed3484&state=867756450&redirect_uri=http%3A%2F%2Flocalhost%3A9005&scope=read%3Auser%20repo%20public_repo
[info] 
[info] Waiting for authentication...
[debug] [2022-02-22T15:30:48.044Z] >>> HTTP REQUEST POST https://github.com/login/oauth/access_token  
 {"client_id":"89cf50f02ac6aaed3484","client_secret":"3330d14abc895d9a74d5f17cd7a00711fa2c5bf0","code":"fc91703af8cfe8f823fa","redirect_uri":"http://localhost:9005","state":"867756450"}
[debug] [2022-02-22T15:30:48.739Z] <<< HTTP RESPONSE 200 {"server":"GitHub.com","date":"Tue, 22 Feb 2022 15:30:41 GMT","content-type":"application/json; charset=utf-8","transfer-encoding":"chunked","vary":"X-PJAX, X-PJAX-Container, Accept-Encoding, Accept, X-Requested-With","permissions-policy":"interest-cohort=()","etag":"W/\"0f234aa6473f5f4fcf2038f3ef60e465\"","cache-control":"max-age=0, private, must-revalidate","strict-transport-security":"max-age=31536000; includeSubdomains; preload","x-frame-options":"deny","x-content-type-options":"nosniff","x-xss-protection":"0","referrer-policy":"origin-when-cross-origin, strict-origin-when-cross-origin","expect-ct":"max-age=2592000, report-uri=\"https://api.github.com/_private/browser/errors\"","content-security-policy":"default-src 'none'; base-uri 'self'; block-all-mixed-content; child-src github.com/assets-cdn/worker/ gist.github.com/assets-cdn/worker/; connect-src 'self' uploads.github.com objects-origin.githubusercontent.com www.githubstatus.com collector.githubapp.com collector.github.com api.github.com github-cloud.s3.amazonaws.com github-production-repository-file-5c1aeb.s3.amazonaws.com github-production-upload-manifest-file-7fdce7.s3.amazonaws.com github-production-user-asset-6210df.s3.amazonaws.com cdn.optimizely.com logx.optimizely.com/v1/events translator.github.com wss://alive.github.com; font-src github.githubassets.com; form-action 'self' github.com gist.github.com objects-origin.githubusercontent.com; frame-ancestors 'none'; frame-src render.githubusercontent.com viewscreen.githubusercontent.com notebooks.githubusercontent.com; img-src 'self' data: github.githubassets.com identicons.github.com collector.githubapp.com collector.github.com github-cloud.s3.amazonaws.com secured-user-images.githubusercontent.com/ *.githubusercontent.com; manifest-src 'self'; media-src github.com user-images.githubusercontent.com/; script-src github.githubassets.com; style-src 'unsafe-inline' github.githubassets.com; worker-src github.com/assets-cdn/worker/ gist.github.com/assets-cdn/worker/","x-github-request-id":"E937:58EC:2326DC:2E5EEA:621501A0"}
[debug] [2022-02-22T15:30:48.743Z] >>> [apiv2][query] GET https://api.github.com/user [none]
[debug] [2022-02-22T15:30:50.605Z] <<< [apiv2][status] GET https://api.github.com/user 200
[debug] [2022-02-22T15:30:50.605Z] <<< [apiv2][body] GET https://api.github.com/user {"login":"niteeshchaudhary","id":66108270,"node_id":"MDQ6VXNlcjY2MTA4Mjcw","avatar_url":"https://avatars.githubusercontent.com/u/66108270?v=4","gravatar_id":"","url":"https://api.github.com/users/niteeshchaudhary","html_url":"https://github.com/niteeshchaudhary","followers_url":"https://api.github.com/users/niteeshchaudhary/followers","following_url":"https://api.github.com/users/niteeshchaudhary/following{/other_user}","gists_url":"https://api.github.com/users/niteeshchaudhary/gists{/gist_id}","starred_url":"https://api.github.com/users/niteeshchaudhary/starred{/owner}{/repo}","subscriptions_url":"https://api.github.com/users/niteeshchaudhary/subscriptions","organizations_url":"https://api.github.com/users/niteeshchaudhary/orgs","repos_url":"https://api.github.com/users/niteeshchaudhary/repos","events_url":"https://api.github.com/users/niteeshchaudhary/events{/privacy}","received_events_url":"https://api.github.com/users/niteeshchaudhary/received_events","type":"User","site_admin":false,"name":null,"company":null,"blog":"","location":null,"email":null,"hireable":null,"bio":null,"twitter_username":null,"public_repos":34,"public_gists":0,"followers":1,"following":5,"created_at":"2020-05-29T06:15:34Z","updated_at":"2022-02-06T20:07:24Z","private_gists":0,"total_private_repos":2,"owned_private_repos":2,"disk_usage":140564,"collaborators":0,"two_factor_authentication":false,"plan":{"name":"free","space":976562499,"collaborators":0,"private_repos":10000}}
[info] 
[info] +  Success! Logged into GitHub as niteeshchaudhary 
[info] 
